# JRE version: Java(TM) SE Runtime Environment (8.0_101-b13) (build 1.8.0_101-b13)
# Java VM: Java HotSpot(TM) 64-Bit Server VM (25.101-b13 mixed mode linux-amd64 compressed oops)
Heap:
 PSYoungGen      total 424448K, used 37066K [0x00000000d8200000, 0x0000000100000000, 0x0000000100000000)
  eden space 218112K, 0% used [0x00000000d8200000,0x00000000d8200000,0x00000000e5700000)
  from space 206336K, 17% used [0x00000000f3680000,0x00000000f5ab28b0,0x0000000100000000)
  to   space 217600K, 0% used [0x00000000e5700000,0x00000000e5700000,0x00000000f2b80000)
 ParOldGen       total 975360K, used 975167K [0x0000000088600000, 0x00000000c3e80000, 0x00000000d8200000)
  object space 975360K, 99% used [0x0000000088600000,0x00000000c3e4fec0,0x00000000c3e80000)
 Metaspace       used 11252K, capacity 11552K, committed 11776K, reserved 1060864K
  class space    used 1173K, capacity 1268K, committed 1280K, reserved 1048576K
GC Heap History (10 events):
Event: 7.316 GC heap after
Heap after GC invocations=15 (full 3):
 PSYoungGen      total 353280K, used 112610K [0x00000000d8200000, 0x0000000100000000, 0x0000000100000000)
  eden space 240640K, 0% used [0x00000000d8200000,0x00000000d8200000,0x00000000e6d00000)
  from space 112640K, 99% used [0x00000000f4380000,0x00000000fb178a60,0x00000000fb180000)
  to   space 206336K, 0% used [0x00000000e6d00000,0x00000000e6d00000,0x00000000f3680000)
 ParOldGen       total 444416K, used 444210K [0x0000000088600000, 0x00000000a3800000, 0x00000000d8200000)
  object space 444416K, 99% used [0x0000000088600000,0x00000000a37cca10,0x00000000a3800000)
 Metaspace       used 10245K, capacity 10484K, committed 10752K, reserved 1058816K
  class space    used 1089K, capacity 1170K, committed 1280K, reserved 1048576K
}
Event: 7.316 GC heap before
{Heap before GC invocations=16 (full 4):
 PSYoungGen      total 353280K, used 112610K [0x00000000d8200000, 0x0000000100000000, 0x0000000100000000)
  eden space 240640K, 0% used [0x00000000d8200000,0x00000000d8200000,0x00000000e6d00000)
  from space 112640K, 99% used [0x00000000f4380000,0x00000000fb178a60,0x00000000fb180000)
  to   space 206336K, 0% used [0x00000000e6d00000,0x00000000e6d00000,0x00000000f3680000)
 ParOldGen       total 444416K, used 444210K [0x0000000088600000, 0x00000000a3800000, 0x00000000d8200000)
  object space 444416K, 99% used [0x0000000088600000,0x00000000a37cca10,0x00000000a3800000)
 Metaspace       used 10245K, capacity 10484K, committed 10752K, reserved 1058816K
  class space    used 1089K, capacity 1170K, committed 1280K, reserved 1048576K
Event: 7.631 GC heap after
Heap after GC invocations=16 (full 4):
 PSYoungGen      total 353280K, used 110479K [0x00000000d8200000, 0x0000000100000000, 0x0000000100000000)
  eden space 240640K, 0% used [0x00000000d8200000,0x00000000d8200000,0x00000000e6d00000)
  from space 112640K, 98% used [0x00000000f4380000,0x00000000faf63d48,0x00000000fb180000)
  to   space 206336K, 0% used [0x00000000e6d00000,0x00000000e6d00000,0x00000000f3680000)
 ParOldGen       total 689152K, used 444188K [0x0000000088600000, 0x00000000b2700000, 0x00000000d8200000)
  object space 689152K, 64% used [0x0000000088600000,0x00000000a37c71b0,0x00000000b2700000)
 Metaspace       used 10245K, capacity 10484K, committed 10752K, reserved 1058816K
  class space    used 1089K, capacity 1170K, committed 1280K, reserved 1048576K
}
Event: 7.664 GC heap before
{Heap before GC invocations=17 (full 4):
 PSYoungGen      total 353280K, used 351119K [0x00000000d8200000, 0x0000000100000000, 0x0000000100000000)
  eden space 240640K, 100% used [0x00000000d8200000,0x00000000e6d00000,0x00000000e6d00000)
  from space 112640K, 98% used [0x00000000f4380000,0x00000000faf63d48,0x00000000fb180000)
  to   space 206336K, 0% used [0x00000000e6d00000,0x00000000e6d00000,0x00000000f3680000)
 ParOldGen       total 689152K, used 444188K [0x0000000088600000, 0x00000000b2700000, 0x00000000d8200000)
  object space 689152K, 64% used [0x0000000088600000,0x00000000a37c71b0,0x00000000b2700000)
 Metaspace       used 10245K, capacity 10484K, committed 10752K, reserved 1058816K
  class space    used 1089K, capacity 1170K, committed 1280K, reserved 1048576K
Event: 9.225 GC heap after
Heap after GC invocations=17 (full 4):
 PSYoungGen      total 446976K, used 206330K [0x00000000d8200000, 0x0000000100000000, 0x0000000100000000)
  eden space 240640K, 0% used [0x00000000d8200000,0x00000000d8200000,0x00000000e6d00000)
  from space 206336K, 99% used [0x00000000e6d00000,0x00000000f367eb90,0x00000000f3680000)
  to   space 206336K, 0% used [0x00000000f3680000,0x00000000f3680000,0x0000000100000000)
 ParOldGen       total 689152K, used 593050K [0x0000000088600000, 0x00000000b2700000, 0x00000000d8200000)
  object space 689152K, 86% used [0x0000000088600000,0x00000000ac926b10,0x00000000b2700000)
 Metaspace       used 10245K, capacity 10484K, committed 10752K, reserved 1058816K
  class space    used 1089K, capacity 1170K, committed 1280K, reserved 1048576K
}
Event: 9.225 GC heap before
{Heap before GC invocations=18 (full 5):
 PSYoungGen      total 446976K, used 206330K [0x00000000d8200000, 0x0000000100000000, 0x0000000100000000)
  eden space 240640K, 0% used [0x00000000d8200000,0x00000000d8200000,0x00000000e6d00000)
  from space 206336K, 99% used [0x00000000e6d00000,0x00000000f367eb90,0x00000000f3680000)
  to   space 206336K, 0% used [0x00000000f3680000,0x00000000f3680000,0x0000000100000000)
 ParOldGen       total 689152K, used 593050K [0x0000000088600000, 0x00000000b2700000, 0x00000000d8200000)
  object space 689152K, 86% used [0x0000000088600000,0x00000000ac926b10,0x00000000b2700000)
 Metaspace       used 10245K, capacity 10484K, committed 10752K, reserved 1058816K
  class space    used 1089K, capacity 1170K, committed 1280K, reserved 1048576K
Event: 10.160 GC heap after
Heap after GC invocations=18 (full 5):
 PSYoungGen      total 446976K, used 106204K [0x00000000d8200000, 0x0000000100000000, 0x0000000100000000)
  eden space 240640K, 0% used [0x00000000d8200000,0x00000000d8200000,0x00000000e6d00000)
  from space 206336K, 51% used [0x00000000e6d00000,0x00000000ed4b70b0,0x00000000f3680000)
  to   space 206336K, 0% used [0x00000000f3680000,0x00000000f3680000,0x0000000100000000)
 ParOldGen       total 975360K, used 689014K [0x0000000088600000, 0x00000000c3e80000, 0x00000000d8200000)
  object space 975360K, 70% used [0x0000000088600000,0x00000000b26dd818,0x00000000c3e80000)
 Metaspace       used 10245K, capacity 10484K, committed 10752K, reserved 1058816K
  class space    used 1089K, capacity 1170K, committed 1280K, reserved 1048576K
}
Event: 21.833 GC heap before
{Heap before GC invocations=19 (full 5):
 PSYoungGen      total 446976K, used 346844K [0x00000000d8200000, 0x0000000100000000, 0x0000000100000000)
  eden space 240640K, 100% used [0x00000000d8200000,0x00000000e6d00000,0x00000000e6d00000)
  from space 206336K, 51% used [0x00000000e6d00000,0x00000000ed4b70b0,0x00000000f3680000)
  to   space 206336K, 0% used [0x00000000f3680000,0x00000000f3680000,0x0000000100000000)
 ParOldGen       total 975360K, used 689014K [0x0000000088600000, 0x00000000c3e80000, 0x00000000d8200000)
  object space 975360K, 70% used [0x0000000088600000,0x00000000b26dd818,0x00000000c3e80000)
 Metaspace       used 11252K, capacity 11552K, committed 11776K, reserved 1060864K
  class space    used 1173K, capacity 1268K, committed 1280K, reserved 1048576K
Event: 22.704 GC heap after
Heap after GC invocations=19 (full 5):
 PSYoungGen      total 424448K, used 206331K [0x00000000d8200000, 0x0000000100000000, 0x0000000100000000)
  eden space 218112K, 0% used [0x00000000d8200000,0x00000000d8200000,0x00000000e5700000)
  from space 206336K, 99% used [0x00000000f3680000,0x00000000ffffeda0,0x0000000100000000)
  to   space 217600K, 0% used [0x00000000e5700000,0x00000000e5700000,0x00000000f2b80000)
 ParOldGen       total 975360K, used 810311K [0x0000000088600000, 0x00000000c3e80000, 0x00000000d8200000)
  object space 975360K, 83% used [0x0000000088600000,0x00000000b9d51c50,0x00000000c3e80000)
 Metaspace       used 11252K, capacity 11552K, committed 11776K, reserved 1060864K
  class space    used 1173K, capacity 1268K, committed 1280K, reserved 1048576K
}
Event: 22.704 GC heap before
{Heap before GC invocations=20 (full 6):
 PSYoungGen      total 424448K, used 206331K [0x00000000d8200000, 0x0000000100000000, 0x0000000100000000)
  eden space 218112K, 0% used [0x00000000d8200000,0x00000000d8200000,0x00000000e5700000)
  from space 206336K, 99% used [0x00000000f3680000,0x00000000ffffeda0,0x0000000100000000)
  to   space 217600K, 0% used [0x00000000e5700000,0x00000000e5700000,0x00000000f2b80000)
 ParOldGen       total 975360K, used 810311K [0x0000000088600000, 0x00000000c3e80000, 0x00000000d8200000)
  object space 975360K, 83% used [0x0000000088600000,0x00000000b9d51c50,0x00000000c3e80000)
 Metaspace       used 11252K, capacity 11552K, committed 11776K, reserved 1060864K
  class space    used 1173K, capacity 1268K, committed 1280K, reserved 1048576K

